<?xml version="1.0" encoding="UTF-8" ?>
<testsuite tests="2" failures="0" name="base.Person_Test" time="9.1" errors="2" skipped="0">
  <properties>
[...]
</properties>
  <testcase classname="base.Person_Test" name="AddPersonTest" time="4.549">
    <error message="Index: 0, Size: 0" type="java.lang.IndexOutOfBoundsException">java.lang.IndexOutOfBoundsException: Index: 0, Size: 0
	at java.util.ArrayList.rangeCheck(ArrayList.java:653)
	at java.util.ArrayList.get(ArrayList.java:429)
	at base.PersonDAL.getPerson(PersonDAL.java:76)
	at base.Person_Test.AddPersonTest(Person_Test.java:91)
	at sun.reflect.NativeMethodAccessorImpl.invoke0(Native Method)
	at sun.reflect.NativeMethodAccessorImpl.invoke(NativeMethodAccessorImpl.java:62)
	at sun.reflect.DelegatingMethodAccessorImpl.invoke(DelegatingMethodAccessorImpl.java:43)
	at java.lang.reflect.Method.invoke(Method.java:497)
	at org.junit.runners.model.FrameworkMethod$1.runReflectiveCall(FrameworkMethod.java:47)
	at org.junit.internal.runners.model.ReflectiveCallable.run(ReflectiveCallable.java:12)
	at org.junit.runners.model.FrameworkMethod.invokeExplosively(FrameworkMethod.java:44)
	at org.junit.internal.runners.statements.InvokeMethod.evaluate(InvokeMethod.java:17)
	at org.junit.internal.runners.statements.RunBefores.evaluate(RunBefores.java:26)
	at org.junit.internal.runners.statements.RunAfters.evaluate(RunAfters.java:27)
	at org.junit.runners.ParentRunner.runLeaf(ParentRunner.java:271)
	at org.junit.runners.BlockJUnit4ClassRunner.runChild(BlockJUnit4ClassRunner.java:70)
	at org.junit.runners.BlockJUnit4ClassRunner.runChild(BlockJUnit4ClassRunner.java:50)
	at org.junit.runners.ParentRunner$3.run(ParentRunner.java:238)
	at org.junit.runners.ParentRunner$1.schedule(ParentRunner.java:63)
	at org.junit.runners.ParentRunner.runChildren(ParentRunner.java:236)
	at org.junit.runners.ParentRunner.access$000(ParentRunner.java:53)
	at org.junit.runners.ParentRunner$2.evaluate(ParentRunner.java:229)
	at org.junit.internal.runners.statements.RunBefores.evaluate(RunBefores.java:26)
	at org.junit.internal.runners.statements.RunAfters.evaluate(RunAfters.java:27)
	at org.junit.runners.ParentRunner.run(ParentRunner.java:309)
	at org.apache.maven.surefire.junit4.JUnit4Provider.execute(JUnit4Provider.java:252)
	at org.apache.maven.surefire.junit4.JUnit4Provider.executeTestSet(JUnit4Provider.java:141)
	at org.apache.maven.surefire.junit4.JUnit4Provider.invoke(JUnit4Provider.java:112)
	at sun.reflect.NativeMethodAccessorImpl.invoke0(Native Method)
	at sun.reflect.NativeMethodAccessorImpl.invoke(NativeMethodAccessorImpl.java:62)
	at sun.reflect.DelegatingMethodAccessorImpl.invoke(DelegatingMethodAccessorImpl.java:43)
	at java.lang.reflect.Method.invoke(Method.java:497)
	at org.apache.maven.surefire.util.ReflectionUtils.invokeMethodWithArray(ReflectionUtils.java:189)
	at org.apache.maven.surefire.booter.ProviderFactory$ProviderProxy.invoke(ProviderFactory.java:165)
	at org.apache.maven.surefire.booter.ProviderFactory.invokeProvider(ProviderFactory.java:85)
	at org.apache.maven.surefire.booter.ForkedBooter.runSuitesInProcess(ForkedBooter.java:115)
	at org.apache.maven.surefire.booter.ForkedBooter.main(ForkedBooter.java:75)
</error>
    <system-out>19:17:54.265 [main] DEBUG org.jboss.logging - Logging Provider: org.jboss.logging.Slf4jLoggerProvider
19:17:54.278 [main] DEBUG o.h.i.internal.IntegratorServiceImpl - Adding Integrator [org.hibernate.cfg.beanvalidation.BeanValidationIntegrator].
19:17:54.279 [main] DEBUG o.h.i.internal.IntegratorServiceImpl - Adding Integrator [org.hibernate.secure.spi.JaccIntegrator].
19:17:54.281 [main] DEBUG o.h.i.internal.IntegratorServiceImpl - Adding Integrator [org.hibernate.cache.internal.CollectionCacheInvalidator].
19:17:54.350 [main] INFO  org.hibernate.Version - HHH000412: Hibernate Core {5.0.2.Final}
19:17:54.351 [main] INFO  org.hibernate.cfg.Environment - HHH000206: hibernate.properties not found
19:17:54.353 [main] INFO  org.hibernate.cfg.Environment - HHH000021: Bytecode provider name : javassist
19:17:54.378 [main] DEBUG o.h.b.j.i.s.LocalXmlResourceResolver - Interpreting public/system identifier : [-//Hibernate/Hibernate Configuration DTD 3.0//EN] - [http://www.hibernate.org/dtd/hibernate-configuration-3.0.dtd]
19:17:54.379 [main] DEBUG o.h.b.j.i.s.LocalXmlResourceResolver - Recognized hibernate-configuration identifier; attempting to resolve on classpath under org/hibernate/
19:17:54.383 [main] DEBUG o.h.b.c.internal.JaxbCfgProcessor - cfg.xml document did not define namespaces; wrapping in custom event reader to introduce namespace information
19:17:54.542 [main] DEBUG org.hibernate.cfg.Configuration - Building session factory using internal StandardServiceRegistryBuilder
19:17:54.549 [main] DEBUG o.h.service.spi.ServiceBinding - Overriding existing service binding [org.hibernate.secure.spi.JaccService]
19:17:54.549 [main] DEBUG org.hibernate.cfg.Configuration - Building session factory using provided StandardServiceRegistry
19:17:54.561 [main] DEBUG o.h.c.i.RegionFactoryInitiator - Cache region factory : org.hibernate.cache.internal.NoCachingRegionFactory
19:17:54.568 [main] INFO  o.h.annotations.common.Version - HCANN000001: Hibernate Commons Annotations {5.0.0.Final}
19:17:54.577 [main] DEBUG o.h.b.j.i.s.LocalXmlResourceResolver - Interpreting public/system identifier : [-//Hibernate/Hibernate Mapping DTD 3.0//EN] - [http://hibernate.sourceforge.net/hibernate-mapping-3.0.dtd]
19:17:54.578 [main] WARN  org.hibernate.orm.deprecation - HHH90000012: Recognized obsolete hibernate namespace http://hibernate.sourceforge.net/hibernate-mapping. Use namespace http://www.hibernate.org/dtd/hibernate-mapping instead.  Support for obsolete DTD/XSD namespaces may be removed at any time.
19:17:54.579 [main] DEBUG o.h.b.j.i.s.LocalXmlResourceResolver - Recognized legacy hibernate-mapping identifier; attempting to resolve on classpath under org/hibernate/
19:17:54.591 [main] DEBUG o.h.boot.jaxb.internal.MappingBinder - Performing JAXB binding of hbm.xml document : Origin(name=mapping/Person.hbm.xml,type=RESOURCE)
19:17:55.218 [main] DEBUG org.hibernate.type.BasicTypeRegistry - Adding type registration boolean -&gt; org.hibernate.type.BooleanType@433defed
19:17:55.218 [main] DEBUG org.hibernate.type.BasicTypeRegistry - Adding type registration boolean -&gt; org.hibernate.type.BooleanType@433defed
19:17:55.219 [main] DEBUG org.hibernate.type.BasicTypeRegistry - Adding type registration java.lang.Boolean -&gt; org.hibernate.type.BooleanType@433defed
19:17:55.219 [main] DEBUG org.hibernate.type.BasicTypeRegistry - Adding type registration numeric_boolean -&gt; org.hibernate.type.NumericBooleanType@304bb45b
19:17:55.220 [main] DEBUG org.hibernate.type.BasicTypeRegistry - Adding type registration true_false -&gt; org.hibernate.type.TrueFalseType@4a8355dd
19:17:55.221 [main] DEBUG org.hibernate.type.BasicTypeRegistry - Adding type registration yes_no -&gt; org.hibernate.type.YesNoType@312aa7c
19:17:55.222 [main] DEBUG org.hibernate.type.BasicTypeRegistry - Adding type registration byte -&gt; org.hibernate.type.ByteType@6c4906d3
19:17:55.222 [main] DEBUG org.hibernate.type.BasicTypeRegistry - Adding type registration byte -&gt; org.hibernate.type.ByteType@6c4906d3
19:17:55.222 [main] DEBUG org.hibernate.type.BasicTypeRegistry - Adding type registration java.lang.Byte -&gt; org.hibernate.type.ByteType@6c4906d3
19:17:55.223 [main] DEBUG org.hibernate.type.BasicTypeRegistry - Adding type registration character -&gt; org.hibernate.type.CharacterType@4d1bf319
19:17:55.223 [main] DEBUG org.hibernate.type.BasicTypeRegistry - Adding type registration char -&gt; org.hibernate.type.CharacterType@4d1bf319
19:17:55.223 [main] DEBUG org.hibernate.type.BasicTypeRegistry - Adding type registration java.lang.Character -&gt; org.hibernate.type.CharacterType@4d1bf319
19:17:55.224 [main] DEBUG org.hibernate.type.BasicTypeRegistry - Adding type registration short -&gt; org.hibernate.type.ShortType@673fdbce
19:17:55.224 [main] DEBUG org.hibernate.type.BasicTypeRegistry - Adding type registration short -&gt; org.hibernate.type.ShortType@673fdbce
19:17:55.224 [main] DEBUG org.hibernate.type.BasicTypeRegistry - Adding type registration java.lang.Short -&gt; org.hibernate.type.ShortType@673fdbce
19:17:55.225 [main] DEBUG org.hibernate.type.BasicTypeRegistry - Adding type registration integer -&gt; org.hibernate.type.IntegerType@6cb107fd
19:17:55.225 [main] DEBUG org.hibernate.type.BasicTypeRegistry - Adding type registration int -&gt; org.hibernate.type.IntegerType@6cb107fd
19:17:55.225 [main] DEBUG org.hibernate.type.BasicTypeRegistry - Adding type registration java.lang.Integer -&gt; org.hibernate.type.IntegerType@6cb107fd
19:17:55.227 [main] DEBUG org.hibernate.type.BasicTypeRegistry - Adding type registration long -&gt; org.hibernate.type.LongType@7bd7d6d6
19:17:55.227 [main] DEBUG org.hibernate.type.BasicTypeRegistry - Adding type registration long -&gt; org.hibernate.type.LongType@7bd7d6d6
19:17:55.227 [main] DEBUG org.hibernate.type.BasicTypeRegistry - Adding type registration java.lang.Long -&gt; org.hibernate.type.LongType@7bd7d6d6
19:17:55.228 [main] DEBUG org.hibernate.type.BasicTypeRegistry - Adding type registration float -&gt; org.hibernate.type.FloatType@3cce5371
19:17:55.228 [main] DEBUG org.hibernate.type.BasicTypeRegistry - Adding type registration float -&gt; org.hibernate.type.FloatType@3cce5371
19:17:55.228 [main] DEBUG org.hibernate.type.BasicTypeRegistry - Adding type registration java.lang.Float -&gt; org.hibernate.type.FloatType@3cce5371
19:17:55.229 [main] DEBUG org.hibernate.type.BasicTypeRegistry - Adding type registration double -&gt; org.hibernate.type.DoubleType@48e1f6c7
19:17:55.229 [main] DEBUG org.hibernate.type.BasicTypeRegistry - Adding type registration double -&gt; org.hibernate.type.DoubleType@48e1f6c7
19:17:55.229 [main] DEBUG org.hibernate.type.BasicTypeRegistry - Adding type registration java.lang.Double -&gt; org.hibernate.type.DoubleType@48e1f6c7
19:17:55.230 [main] DEBUG org.hibernate.type.BasicTypeRegistry - Adding type registration big_decimal -&gt; org.hibernate.type.BigDecimalType@431cd9b2
19:17:55.231 [main] DEBUG org.hibernate.type.BasicTypeRegistry - Adding type registration java.math.BigDecimal -&gt; org.hibernate.type.BigDecimalType@431cd9b2
19:17:55.231 [main] DEBUG org.hibernate.type.BasicTypeRegistry - Adding type registration big_integer -&gt; org.hibernate.type.BigIntegerType@57bc27f5
19:17:55.231 [main] DEBUG org.hibernate.type.BasicTypeRegistry - Adding type registration java.math.BigInteger -&gt; org.hibernate.type.BigIntegerType@57bc27f5
19:17:55.232 [main] DEBUG org.hibernate.type.BasicTypeRegistry - Adding type registration string -&gt; org.hibernate.type.StringType@d554c5f
19:17:55.232 [main] DEBUG org.hibernate.type.BasicTypeRegistry - Adding type registration java.lang.String -&gt; org.hibernate.type.StringType@d554c5f
19:17:55.233 [main] DEBUG org.hibernate.type.BasicTypeRegistry - Adding type registration nstring -&gt; org.hibernate.type.StringNVarcharType@6e2829c7
19:17:55.233 [main] DEBUG org.hibernate.type.BasicTypeRegistry - Adding type registration ncharacter -&gt; org.hibernate.type.CharacterNCharType@55de24cc
19:17:55.234 [main] DEBUG org.hibernate.type.BasicTypeRegistry - Adding type registration url -&gt; org.hibernate.type.UrlType@7e990ed7
19:17:55.234 [main] DEBUG org.hibernate.type.BasicTypeRegistry - Adding type registration java.net.URL -&gt; org.hibernate.type.UrlType@7e990ed7
19:17:55.235 [main] DEBUG org.hibernate.type.BasicTypeRegistry - Adding type registration date -&gt; org.hibernate.type.DateType@491b9b8
19:17:55.236 [main] DEBUG org.hibernate.type.BasicTypeRegistry - Adding type registration java.sql.Date -&gt; org.hibernate.type.DateType@491b9b8
19:17:55.237 [main] DEBUG org.hibernate.type.BasicTypeRegistry - Adding type registration time -&gt; org.hibernate.type.TimeType@16150369
19:17:55.237 [main] DEBUG org.hibernate.type.BasicTypeRegistry - Adding type registration java.sql.Time -&gt; org.hibernate.type.TimeType@16150369
19:17:55.238 [main] DEBUG org.hibernate.type.BasicTypeRegistry - Adding type registration timestamp -&gt; org.hibernate.type.TimestampType@1b1cfb87
19:17:55.238 [main] DEBUG org.hibernate.type.BasicTypeRegistry - Adding type registration java.sql.Timestamp -&gt; org.hibernate.type.TimestampType@1b1cfb87
19:17:55.238 [main] DEBUG org.hibernate.type.BasicTypeRegistry - Adding type registration java.util.Date -&gt; org.hibernate.type.TimestampType@1b1cfb87
19:17:55.239 [main] DEBUG org.hibernate.type.BasicTypeRegistry - Adding type registration dbtimestamp -&gt; org.hibernate.type.DbTimestampType@5db6b9cd
19:17:55.240 [main] DEBUG org.hibernate.type.BasicTypeRegistry - Adding type registration calendar -&gt; org.hibernate.type.CalendarType@1be2019a
19:17:55.240 [main] DEBUG org.hibernate.type.BasicTypeRegistry - Adding type registration java.util.Calendar -&gt; org.hibernate.type.CalendarType@1be2019a
19:17:55.241 [main] DEBUG org.hibernate.type.BasicTypeRegistry - Adding type registration java.util.GregorianCalendar -&gt; org.hibernate.type.CalendarType@1be2019a
19:17:55.241 [main] DEBUG org.hibernate.type.BasicTypeRegistry - Adding type registration calendar_date -&gt; org.hibernate.type.CalendarDateType@446a1e84
19:17:55.242 [main] DEBUG org.hibernate.type.BasicTypeRegistry - Adding type registration locale -&gt; org.hibernate.type.LocaleType@7139992f
19:17:55.242 [main] DEBUG org.hibernate.type.BasicTypeRegistry - Adding type registration java.util.Locale -&gt; org.hibernate.type.LocaleType@7139992f
19:17:55.242 [main] DEBUG org.hibernate.type.BasicTypeRegistry - Adding type registration currency -&gt; org.hibernate.type.CurrencyType@7eecb5b8
19:17:55.243 [main] DEBUG org.hibernate.type.BasicTypeRegistry - Adding type registration java.util.Currency -&gt; org.hibernate.type.CurrencyType@7eecb5b8
19:17:55.243 [main] DEBUG org.hibernate.type.BasicTypeRegistry - Adding type registration timezone -&gt; org.hibernate.type.TimeZoneType@5c7bfdc1
19:17:55.243 [main] DEBUG org.hibernate.type.BasicTypeRegistry - Adding type registration java.util.TimeZone -&gt; org.hibernate.type.TimeZoneType@5c7bfdc1
19:17:55.244 [main] DEBUG org.hibernate.type.BasicTypeRegistry - Adding type registration class -&gt; org.hibernate.type.ClassType@7fb4f2a9
19:17:55.244 [main] DEBUG org.hibernate.type.BasicTypeRegistry - Adding type registration java.lang.Class -&gt; org.hibernate.type.ClassType@7fb4f2a9
19:17:55.245 [main] DEBUG org.hibernate.type.BasicTypeRegistry - Adding type registration uuid-binary -&gt; org.hibernate.type.UUIDBinaryType@626abbd0
19:17:55.245 [main] DEBUG org.hibernate.type.BasicTypeRegistry - Adding type registration java.util.UUID -&gt; org.hibernate.type.UUIDBinaryType@626abbd0
19:17:55.246 [main] DEBUG org.hibernate.type.BasicTypeRegistry - Adding type registration uuid-char -&gt; org.hibernate.type.UUIDCharType@3aa078fd
19:17:55.248 [main] DEBUG org.hibernate.type.BasicTypeRegistry - Adding type registration binary -&gt; org.hibernate.type.BinaryType@66ea810
19:17:55.248 [main] DEBUG org.hibernate.type.BasicTypeRegistry - Adding type registration byte[] -&gt; org.hibernate.type.BinaryType@66ea810
19:17:55.248 [main] DEBUG org.hibernate.type.BasicTypeRegistry - Adding type registration [B -&gt; org.hibernate.type.BinaryType@66ea810
19:17:55.249 [main] DEBUG org.hibernate.type.BasicTypeRegistry - Adding type registration wrapper-binary -&gt; org.hibernate.type.WrapperBinaryType@2f953efd
19:17:55.249 [main] DEBUG org.hibernate.type.BasicTypeRegistry - Adding type registration Byte[] -&gt; org.hibernate.type.WrapperBinaryType@2f953efd
19:17:55.249 [main] DEBUG org.hibernate.type.BasicTypeRegistry - Adding type registration [Ljava.lang.Byte; -&gt; org.hibernate.type.WrapperBinaryType@2f953efd
19:17:55.250 [main] DEBUG org.hibernate.type.BasicTypeRegistry - Adding type registration image -&gt; org.hibernate.type.ImageType@5a7fe64f
19:17:55.251 [main] DEBUG org.hibernate.type.BasicTypeRegistry - Adding type registration characters -&gt; org.hibernate.type.CharArrayType@24c1b2d2
19:17:55.251 [main] DEBUG org.hibernate.type.BasicTypeRegistry - Adding type registration char[] -&gt; org.hibernate.type.CharArrayType@24c1b2d2
19:17:55.251 [main] DEBUG org.hibernate.type.BasicTypeRegistry - Adding type registration [C -&gt; org.hibernate.type.CharArrayType@24c1b2d2
19:17:55.252 [main] DEBUG org.hibernate.type.BasicTypeRegistry - Adding type registration wrapper-characters -&gt; org.hibernate.type.CharacterArrayType@465232e9
19:17:55.252 [main] DEBUG org.hibernate.type.BasicTypeRegistry - Adding type registration [Ljava.lang.Character; -&gt; org.hibernate.type.CharacterArrayType@465232e9
19:17:55.252 [main] DEBUG org.hibernate.type.BasicTypeRegistry - Adding type registration Character[] -&gt; org.hibernate.type.CharacterArrayType@465232e9
19:17:55.252 [main] DEBUG org.hibernate.type.BasicTypeRegistry - Adding type registration text -&gt; org.hibernate.type.TextType@660acfb
19:17:55.253 [main] DEBUG org.hibernate.type.BasicTypeRegistry - Adding type registration ntext -&gt; org.hibernate.type.NTextType@45385f75
19:17:55.256 [main] DEBUG org.hibernate.type.BasicTypeRegistry - Adding type registration blob -&gt; org.hibernate.type.BlobType@4f49f6af
19:17:55.256 [main] DEBUG org.hibernate.type.BasicTypeRegistry - Adding type registration java.sql.Blob -&gt; org.hibernate.type.BlobType@4f49f6af
19:17:55.256 [main] DEBUG org.hibernate.type.BasicTypeRegistry - Adding type registration materialized_blob -&gt; org.hibernate.type.MaterializedBlobType@448c8166
19:17:55.259 [main] DEBUG org.hibernate.type.BasicTypeRegistry - Adding type registration clob -&gt; org.hibernate.type.ClobType@2438dcd
19:17:55.259 [main] DEBUG org.hibernate.type.BasicTypeRegistry - Adding type registration java.sql.Clob -&gt; org.hibernate.type.ClobType@2438dcd
19:17:55.261 [main] DEBUG org.hibernate.type.BasicTypeRegistry - Adding type registration nclob -&gt; org.hibernate.type.NClobType@3214ee6
19:17:55.261 [main] DEBUG org.hibernate.type.BasicTypeRegistry - Adding type registration java.sql.NClob -&gt; org.hibernate.type.NClobType@3214ee6
19:17:55.261 [main] DEBUG org.hibernate.type.BasicTypeRegistry - Adding type registration materialized_clob -&gt; org.hibernate.type.MaterializedClobType@74287ea3
19:17:55.262 [main] DEBUG org.hibernate.type.BasicTypeRegistry - Adding type registration materialized_nclob -&gt; org.hibernate.type.MaterializedNClobType@5f9edf14
19:17:55.262 [main] DEBUG org.hibernate.type.BasicTypeRegistry - Adding type registration serializable -&gt; org.hibernate.type.SerializableType@a8ef162
19:17:55.272 [main] DEBUG org.hibernate.type.BasicTypeRegistry - Adding type registration object -&gt; org.hibernate.type.ObjectType@4149c063
19:17:55.272 [main] DEBUG org.hibernate.type.BasicTypeRegistry - Adding type registration java.lang.Object -&gt; org.hibernate.type.ObjectType@4149c063
19:17:55.273 [main] DEBUG org.hibernate.type.BasicTypeRegistry - Adding type registration imm_date -&gt; org.hibernate.type.AdaptedImmutableType@38af9828
19:17:55.273 [main] DEBUG org.hibernate.type.BasicTypeRegistry - Adding type registration imm_time -&gt; org.hibernate.type.AdaptedImmutableType@376a0d86
19:17:55.273 [main] DEBUG org.hibernate.type.BasicTypeRegistry - Adding type registration imm_timestamp -&gt; org.hibernate.type.AdaptedImmutableType@62656be4
19:17:55.273 [main] DEBUG org.hibernate.type.BasicTypeRegistry - Adding type registration imm_dbtimestamp -&gt; org.hibernate.type.AdaptedImmutableType@17d919b6
19:17:55.273 [main] DEBUG org.hibernate.type.BasicTypeRegistry - Adding type registration imm_calendar -&gt; org.hibernate.type.AdaptedImmutableType@53f3bdbd
19:17:55.273 [main] DEBUG org.hibernate.type.BasicTypeRegistry - Adding type registration imm_calendar_date -&gt; org.hibernate.type.AdaptedImmutableType@34129c78
19:17:55.273 [main] DEBUG org.hibernate.type.BasicTypeRegistry - Adding type registration imm_binary -&gt; org.hibernate.type.AdaptedImmutableType@7d61eb55
19:17:55.273 [main] DEBUG org.hibernate.type.BasicTypeRegistry - Adding type registration imm_serializable -&gt; org.hibernate.type.AdaptedImmutableType@222a59e6
19:17:55.281 [main] WARN  o.h.e.j.c.i.DriverManagerConnectionProviderImpl - HHH000402: Using Hibernate built-in connection pool (not for production use!)
19:17:55.282 [main] DEBUG o.h.e.j.c.i.DriverManagerConnectionProviderImpl - No driver class specified
19:17:55.282 [main] INFO  o.h.e.j.c.i.DriverManagerConnectionProviderImpl - HHH000401: using driver [null] at URL [jdbc:oracle:thin:@cisc181.ci3wacsy5j84.us-east-1.rds.amazonaws.com:1521:ORCL]
19:17:55.282 [main] INFO  o.h.e.j.c.i.DriverManagerConnectionProviderImpl - HHH000046: Connection properties: {user=CHENM, password=xhcmk52180868}
19:17:55.282 [main] INFO  o.h.e.j.c.i.DriverManagerConnectionProviderImpl - HHH000006: Autocommit mode: false
19:17:55.283 [main] INFO  o.h.e.j.c.i.DriverManagerConnectionProviderImpl - HHH000115: Hibernate connection pool size: 20 (min=1)
19:17:55.283 [main] DEBUG o.h.e.j.c.i.DriverManagerConnectionProviderImpl - Initializing Connection pool with 1 Connections
19:17:56.539 [main] DEBUG o.h.e.j.e.i.JdbcEnvironmentInitiator - Database -&gt;
       name : Oracle
    version : Oracle Database 11g Release 11.2.0.4.0 - 64bit Production
      major : 11
      minor : 2
19:17:56.540 [main] DEBUG o.h.e.j.e.i.JdbcEnvironmentInitiator - Driver -&gt;
       name : Oracle JDBC driver
    version : 11.2.0.3.0
      major : 11
      minor : 2
19:17:56.540 [main] DEBUG o.h.e.j.e.i.JdbcEnvironmentInitiator - JDBC version : 11.2
19:17:56.591 [main] INFO  org.hibernate.dialect.Dialect - HHH000400: Using dialect: org.hibernate.dialect.Oracle10gDialect
19:17:56.603 [main] DEBUG o.h.e.j.c.i.StandardRefCursorSupport - Unexpected error trying to gauge level of JDBC REF_CURSOR support : null
19:17:56.950 [main] DEBUG o.h.i.f.i.DefaultIdentifierGeneratorFactory - Registering IdentifierGenerator strategy [uuid2] -&gt; [org.hibernate.id.UUIDGenerator]
19:17:56.951 [main] DEBUG o.h.i.f.i.DefaultIdentifierGeneratorFactory - Registering IdentifierGenerator strategy [guid] -&gt; [org.hibernate.id.GUIDGenerator]
19:17:56.951 [main] DEBUG o.h.i.f.i.DefaultIdentifierGeneratorFactory - Registering IdentifierGenerator strategy [uuid] -&gt; [org.hibernate.id.UUIDHexGenerator]
19:17:56.951 [main] DEBUG o.h.i.f.i.DefaultIdentifierGeneratorFactory - Registering IdentifierGenerator strategy [uuid.hex] -&gt; [org.hibernate.id.UUIDHexGenerator]
19:17:56.952 [main] DEBUG o.h.i.f.i.DefaultIdentifierGeneratorFactory - Registering IdentifierGenerator strategy [assigned] -&gt; [org.hibernate.id.Assigned]
19:17:56.952 [main] DEBUG o.h.i.f.i.DefaultIdentifierGeneratorFactory - Registering IdentifierGenerator strategy [identity] -&gt; [org.hibernate.id.IdentityGenerator]
19:17:56.953 [main] DEBUG o.h.i.f.i.DefaultIdentifierGeneratorFactory - Registering IdentifierGenerator strategy [select] -&gt; [org.hibernate.id.SelectGenerator]
19:17:56.954 [main] DEBUG o.h.i.f.i.DefaultIdentifierGeneratorFactory - Registering IdentifierGenerator strategy [sequence] -&gt; [org.hibernate.id.enhanced.SequenceStyleGenerator]
19:17:56.954 [main] DEBUG o.h.i.f.i.DefaultIdentifierGeneratorFactory - Registering IdentifierGenerator strategy [seqhilo] -&gt; [org.hibernate.id.SequenceHiLoGenerator]
19:17:56.955 [main] DEBUG o.h.i.f.i.DefaultIdentifierGeneratorFactory - Registering IdentifierGenerator strategy [increment] -&gt; [org.hibernate.id.IncrementGenerator]
19:17:56.955 [main] DEBUG o.h.i.f.i.DefaultIdentifierGeneratorFactory - Registering IdentifierGenerator strategy [foreign] -&gt; [org.hibernate.id.ForeignGenerator]
19:17:56.955 [main] DEBUG o.h.i.f.i.DefaultIdentifierGeneratorFactory - Registering IdentifierGenerator strategy [sequence-identity] -&gt; [org.hibernate.id.SequenceIdentityGenerator]
19:17:56.955 [main] DEBUG o.h.i.f.i.DefaultIdentifierGeneratorFactory - Registering IdentifierGenerator strategy [enhanced-sequence] -&gt; [org.hibernate.id.enhanced.SequenceStyleGenerator]
19:17:56.956 [main] DEBUG o.h.i.f.i.DefaultIdentifierGeneratorFactory - Registering IdentifierGenerator strategy [enhanced-table] -&gt; [org.hibernate.id.enhanced.TableGenerator]
19:17:56.994 [main] DEBUG o.h.boot.model.relational.Namespace - Created database namespace [logicalName=Name{catalog=null, schema=CHENM}, physicalName=Name{catalog=null, schema=CHENM}]
19:17:57.010 [main] DEBUG o.h.b.m.s.internal.hbm.ModelBinder - Mapping class: domain.PersonDomainModel -&gt; per
19:17:57.016 [main] DEBUG o.h.b.m.s.internal.hbm.ModelBinder - Mapped property: PersonID -&gt; [PersonID]
19:17:57.017 [main] DEBUG o.h.b.m.s.internal.hbm.ModelBinder - Mapped property: firstName -&gt; [firstName]
19:17:57.017 [main] DEBUG o.h.b.m.s.internal.hbm.ModelBinder - Mapped property: lastName -&gt; [lastName]
19:17:57.018 [main] DEBUG o.h.b.m.s.internal.hbm.ModelBinder - Mapped property: street -&gt; [street]
19:17:57.018 [main] DEBUG o.h.b.m.s.internal.hbm.ModelBinder - Mapped property: postalCode -&gt; [postalCode]
19:17:57.018 [main] DEBUG o.h.b.m.s.internal.hbm.ModelBinder - Mapped property: city -&gt; [city]
19:17:57.018 [main] DEBUG o.h.b.m.s.internal.hbm.ModelBinder - Mapped property: birthday -&gt; [birthday]
19:17:57.039 [main] DEBUG o.h.internal.SessionFactoryImpl - Building session factory
19:17:57.040 [main] DEBUG org.hibernate.cfg.Settings - SessionFactory name : null
19:17:57.040 [main] DEBUG org.hibernate.cfg.Settings - Automatic flush during beforeCompletion(): disabled
19:17:57.040 [main] DEBUG org.hibernate.cfg.Settings - Automatic session close at end of transaction: disabled
19:17:57.040 [main] DEBUG org.hibernate.cfg.Settings - Statistics: disabled
19:17:57.040 [main] DEBUG org.hibernate.cfg.Settings - Deleted entity synthetic identifier rollback: disabled
19:17:57.040 [main] DEBUG org.hibernate.cfg.Settings - Default entity-mode: pojo
19:17:57.040 [main] DEBUG org.hibernate.cfg.Settings - Check Nullability in Core (should be disabled when Bean Validation is on): enabled
19:17:57.040 [main] DEBUG org.hibernate.cfg.Settings - Allow initialization of lazy state outside session : disabled
19:17:57.040 [main] DEBUG org.hibernate.cfg.Settings - Using BatchFetchStyle : LEGACY
19:17:57.040 [main] DEBUG org.hibernate.cfg.Settings - Default batch fetch size: -1
19:17:57.041 [main] DEBUG org.hibernate.cfg.Settings - Maximum outer join fetch depth: null
19:17:57.041 [main] DEBUG org.hibernate.cfg.Settings - Default null ordering: NONE
19:17:57.041 [main] DEBUG org.hibernate.cfg.Settings - Order SQL updates by primary key: disabled
19:17:57.041 [main] DEBUG org.hibernate.cfg.Settings - Order SQL inserts for batching: disabled
19:17:57.041 [main] DEBUG org.hibernate.cfg.Settings - multi-tenancy strategy : NONE
19:17:57.041 [main] DEBUG org.hibernate.cfg.Settings - JTA Track by Thread: enabled
19:17:57.041 [main] DEBUG org.hibernate.cfg.Settings - Query language substitutions: {}
19:17:57.041 [main] DEBUG org.hibernate.cfg.Settings - JPA query language strict compliance: disabled
19:17:57.041 [main] DEBUG org.hibernate.cfg.Settings - Named query checking : enabled
19:17:57.041 [main] DEBUG org.hibernate.cfg.Settings - Second-level cache: enabled
19:17:57.041 [main] DEBUG org.hibernate.cfg.Settings - Second-level query cache: disabled
19:17:57.041 [main] DEBUG org.hibernate.cfg.Settings - Second-level query cache factory: org.hibernate.cache.internal.StandardQueryCacheFactory@abf688e
19:17:57.041 [main] DEBUG org.hibernate.cfg.Settings - Second-level cache region prefix: null
19:17:57.041 [main] DEBUG org.hibernate.cfg.Settings - Optimize second-level cache for minimal puts: disabled
19:17:57.041 [main] DEBUG org.hibernate.cfg.Settings - Structured second-level cache entries: disabled
19:17:57.041 [main] DEBUG org.hibernate.cfg.Settings - Second-level cache direct-reference entries: disabled
19:17:57.041 [main] DEBUG org.hibernate.cfg.Settings - Automatic eviction of collection cache: disabled
19:17:57.042 [main] DEBUG org.hibernate.cfg.Settings - JDBC batch size: 15
19:17:57.042 [main] DEBUG org.hibernate.cfg.Settings - JDBC batch updates for versioned data: disabled
19:17:57.042 [main] DEBUG org.hibernate.cfg.Settings - Scrollable result sets: enabled
19:17:57.042 [main] DEBUG org.hibernate.cfg.Settings - Wrap result sets: disabled
19:17:57.042 [main] DEBUG org.hibernate.cfg.Settings - JDBC3 getGeneratedKeys(): disabled
19:17:57.042 [main] DEBUG org.hibernate.cfg.Settings - JDBC result set fetch size: null
19:17:57.042 [main] DEBUG org.hibernate.cfg.Settings - Connection release mode: ON_CLOSE
19:17:57.042 [main] DEBUG org.hibernate.cfg.Settings - Generate SQL with comments: disabled
19:17:57.076 [main] DEBUG o.h.internal.SessionFactoryImpl - Session factory constructed with filter configurations : {}
19:17:57.077 [main] DEBUG o.h.internal.SessionFactoryImpl - Instantiating session factory with properties: {hibernate.connection.password=xhcmk52180868, java.runtime.name=Java(TM) SE Runtime Environment, java.vm.version=25.60-b23, hibernate.default_schema=CHENM, sun.boot.library.path=/Library/Java/JavaVirtualMachines/jdk1.8.0_60.jdk/Contents/Home/jre/lib, hibernate.connection.username=CHENM, hibernate.boot.CfgXmlAccessService.key=org.hibernate.boot.cfgxml.spi.LoadedConfig@4a335fa8, gopherProxySet=false, java.vm.vendor=Oracle Corporation, java.vendor.url=http://java.oracle.com/, path.separator=:, java.vm.name=Java HotSpot(TM) 64-Bit Server VM, file.encoding.pkg=sun.io, sun.os.patch.level=unknown, user.country=US, sun.java.launcher=SUN_STANDARD, java.vm.specification.name=Java Virtual Machine Specification, user.dir=/Users/mingkunchen/git/PS6_Starter/PS6_DAL, java.runtime.version=1.8.0_60-b27, java.awt.graphicsenv=sun.awt.CGraphicsEnvironment, basedir=/Users/mingkunchen/git/PS6_Starter/PS6_DAL, os.arch=x86_64, java.endorsed.dirs=/Library/Java/JavaVirtualMachines/jdk1.8.0_60.jdk/Contents/Home/jre/lib/endorsed, surefire.real.class.path=/Users/mingkunchen/git/PS6_Starter/PS6_DAL/target/surefire/surefirebooter1577865245225343473.jar, java.io.tmpdir=/var/folders/zm/vr0rzs_s35g1mpk7_c1sc8kh0000gn/T/, line.separator=
, java.vm.specification.vendor=Oracle Corporation, os.name=Mac OS X, sun.jnu.encoding=UTF-8, java.library.path=/Users/mingkunchen/Library/Java/Extensions:/Library/Java/Extensions:/Network/Library/Java/Extensions:/System/Library/Java/Extensions:/usr/lib/java:., surefire.test.class.path=/Users/mingkunchen/git/PS6_Starter/PS6_DAL/target/test-classes:/Users/mingkunchen/git/PS6_Starter/PS6_DAL/target/classes:/Users/mingkunchen/.m2/repository/org/springframework/spring-context/3.2.3.RELEASE/spring-context-3.2.3.RELEASE.jar:/Users/mingkunchen/.m2/repository/org/springframework/spring-aop/3.2.3.RELEASE/spring-aop-3.2.3.RELEASE.jar:/Users/mingkunchen/.m2/repository/org/springframework/spring-beans/3.2.3.RELEASE/spring-beans-3.2.3.RELEASE.jar:/Users/mingkunchen/.m2/repository/org/springframework/spring-core/3.2.3.RELEASE/spring-core-3.2.3.RELEASE.jar:/Users/mingkunchen/.m2/repository/commons-logging/commons-logging/1.1.1/commons-logging-1.1.1.jar:/Users/mingkunchen/.m2/repository/org/springframework/spring-expression/3.2.3.RELEASE/spring-expression-3.2.3.RELEASE.jar:/Users/mingkunchen/.m2/repository/org/springframework/spring-tx/3.2.3.RELEASE/spring-tx-3.2.3.RELEASE.jar:/Users/mingkunchen/.m2/repository/aopalliance/aopalliance/1.0/aopalliance-1.0.jar:/Users/mingkunchen/.m2/repository/org/slf4j/slf4j-api/1.7.5/slf4j-api-1.7.5.jar:/Users/mingkunchen/.m2/repository/ch/qos/logback/logback-classic/1.0.13/logback-classic-1.0.13.jar:/Users/mingkunchen/.m2/repository/ch/qos/logback/logback-core/1.0.13/logback-core-1.0.13.jar:/Users/mingkunchen/.m2/repository/org/hibernate/hibernate-entitymanager/5.0.2.Final/hibernate-entitymanager-5.0.2.Final.jar:/Users/mingkunchen/.m2/repository/org/jboss/logging/jboss-logging/3.3.0.Final/jboss-logging-3.3.0.Final.jar:/Users/mingkunchen/.m2/repository/org/hibernate/hibernate-core/5.0.2.Final/hibernate-core-5.0.2.Final.jar:/Users/mingkunchen/.m2/repository/antlr/antlr/2.7.7/antlr-2.7.7.jar:/Users/mingkunchen/.m2/repository/org/jboss/jandex/1.2.2.Final/jandex-1.2.2.Final.jar:/Users/mingkunchen/.m2/repository/dom4j/dom4j/1.6.1/dom4j-1.6.1.jar:/Users/mingkunchen/.m2/repository/xml-apis/xml-apis/1.0.b2/xml-apis-1.0.b2.jar:/Users/mingkunchen/.m2/repository/org/hibernate/common/hibernate-commons-annotations/5.0.0.Final/hibernate-commons-annotations-5.0.0.Final.jar:/Users/mingkunchen/.m2/repository/org/hibernate/javax/persistence/hibernate-jpa-2.1-api/1.0.0.Final/hibernate-jpa-2.1-api-1.0.0.Final.jar:/Users/mingkunchen/.m2/repository/org/apache/geronimo/specs/geronimo-jta_1.1_spec/1.1.1/geronimo-jta_1.1_spec-1.1.1.jar:/Users/mingkunchen/.m2/repository/org/javassist/javassist/3.18.1-GA/javassist-3.18.1-GA.jar:/Users/mingkunchen/.m2/repository/org/springframework/spring-test/3.2.3.RELEASE/spring-test-3.2.3.RELEASE.jar:/Users/mingkunchen/.m2/repository/junit/junit/4.11/junit-4.11.jar:/Users/mingkunchen/.m2/repository/org/hamcrest/hamcrest-core/1.3/hamcrest-core-1.3.jar:/Users/mingkunchen/.m2/repository/com/oracle/ojdbc6/11.2.0.3/ojdbc6-11.2.0.3.jar:, java.class.version=52.0, java.specification.name=Java Platform API Specification, sun.management.compiler=HotSpot 64-Bit Tiered Compilers, os.version=10.11.1, user.home=/Users/mingkunchen, user.timezone=America/New_York, java.awt.printerjob=sun.lwawt.macosx.CPrinterJob, file.encoding=UTF-8, java.specification.version=1.8, hibernate.format_sql=true, show_sql=true, user.name=mingkunchen, java.class.path=/Users/mingkunchen/git/PS6_Starter/PS6_DAL/target/test-classes:/Users/mingkunchen/git/PS6_Starter/PS6_DAL/target/classes:/Users/mingkunchen/.m2/repository/org/springframework/spring-context/3.2.3.RELEASE/spring-context-3.2.3.RELEASE.jar:/Users/mingkunchen/.m2/repository/org/springframework/spring-aop/3.2.3.RELEASE/spring-aop-3.2.3.RELEASE.jar:/Users/mingkunchen/.m2/repository/org/springframework/spring-beans/3.2.3.RELEASE/spring-beans-3.2.3.RELEASE.jar:/Users/mingkunchen/.m2/repository/org/springframework/spring-core/3.2.3.RELEASE/spring-core-3.2.3.RELEASE.jar:/Users/mingkunchen/.m2/repository/commons-logging/commons-logging/1.1.1/commons-logging-1.1.1.jar:/Users/mingkunchen/.m2/repository/org/springframework/spring-expression/3.2.3.RELEASE/spring-expression-3.2.3.RELEASE.jar:/Users/mingkunchen/.m2/repository/org/springframework/spring-tx/3.2.3.RELEASE/spring-tx-3.2.3.RELEASE.jar:/Users/mingkunchen/.m2/repository/aopalliance/aopalliance/1.0/aopalliance-1.0.jar:/Users/mingkunchen/.m2/repository/org/slf4j/slf4j-api/1.7.5/slf4j-api-1.7.5.jar:/Users/mingkunchen/.m2/repository/ch/qos/logback/logback-classic/1.0.13/logback-classic-1.0.13.jar:/Users/mingkunchen/.m2/repository/ch/qos/logback/logback-core/1.0.13/logback-core-1.0.13.jar:/Users/mingkunchen/.m2/repository/org/hibernate/hibernate-entitymanager/5.0.2.Final/hibernate-entitymanager-5.0.2.Final.jar:/Users/mingkunchen/.m2/repository/org/jboss/logging/jboss-logging/3.3.0.Final/jboss-logging-3.3.0.Final.jar:/Users/mingkunchen/.m2/repository/org/hibernate/hibernate-core/5.0.2.Final/hibernate-core-5.0.2.Final.jar:/Users/mingkunchen/.m2/repository/antlr/antlr/2.7.7/antlr-2.7.7.jar:/Users/mingkunchen/.m2/repository/org/jboss/jandex/1.2.2.Final/jandex-1.2.2.Final.jar:/Users/mingkunchen/.m2/repository/dom4j/dom4j/1.6.1/dom4j-1.6.1.jar:/Users/mingkunchen/.m2/repository/xml-apis/xml-apis/1.0.b2/xml-apis-1.0.b2.jar:/Users/mingkunchen/.m2/repository/org/hibernate/common/hibernate-commons-annotations/5.0.0.Final/hibernate-commons-annotations-5.0.0.Final.jar:/Users/mingkunchen/.m2/repository/org/hibernate/javax/persistence/hibernate-jpa-2.1-api/1.0.0.Final/hibernate-jpa-2.1-api-1.0.0.Final.jar:/Users/mingkunchen/.m2/repository/org/apache/geronimo/specs/geronimo-jta_1.1_spec/1.1.1/geronimo-jta_1.1_spec-1.1.1.jar:/Users/mingkunchen/.m2/repository/org/javassist/javassist/3.18.1-GA/javassist-3.18.1-GA.jar:/Users/mingkunchen/.m2/repository/org/springframework/spring-test/3.2.3.RELEASE/spring-test-3.2.3.RELEASE.jar:/Users/mingkunchen/.m2/repository/junit/junit/4.11/junit-4.11.jar:/Users/mingkunchen/.m2/repository/org/hamcrest/hamcrest-core/1.3/hamcrest-core-1.3.jar:/Users/mingkunchen/.m2/repository/com/oracle/ojdbc6/11.2.0.3/ojdbc6-11.2.0.3.jar:, hibernate.bytecode.use_reflection_optimizer=false, format_sql=true, hibernate.show_sql=true, java.vm.specification.version=1.8, sun.arch.data.model=64, sun.java.command=/Users/mingkunchen/git/PS6_Starter/PS6_DAL/target/surefire/surefirebooter1577865245225343473.jar /Users/mingkunchen/git/PS6_Starter/PS6_DAL/target/surefire/surefire8513595137023604830tmp /Users/mingkunchen/git/PS6_Starter/PS6_DAL/target/surefire/surefire_07807294991268319601tmp, java.home=/Library/Java/JavaVirtualMachines/jdk1.8.0_60.jdk/Contents/Home/jre, hibernate.connection.url=jdbc:oracle:thin:@cisc181.ci3wacsy5j84.us-east-1.rds.amazonaws.com:1521:ORCL, hibernate.dialect=org.hibernate.dialect.Oracle10gDialect, user.language=en, java.specification.vendor=Oracle Corporation, awt.toolkit=sun.lwawt.macosx.LWCToolkit, java.vm.info=mixed mode, java.version=1.8.0_60, java.ext.dirs=/Users/mingkunchen/Library/Java/Extensions:/Library/Java/JavaVirtualMachines/jdk1.8.0_60.jdk/Contents/Home/jre/lib/ext:/Library/Java/Extensions:/Network/Library/Java/Extensions:/System/Library/Java/Extensions:/usr/lib/java, sun.boot.class.path=/Library/Java/JavaVirtualMachines/jdk1.8.0_60.jdk/Contents/Home/jre/lib/resources.jar:/Library/Java/JavaVirtualMachines/jdk1.8.0_60.jdk/Contents/Home/jre/lib/rt.jar:/Library/Java/JavaVirtualMachines/jdk1.8.0_60.jdk/Contents/Home/jre/lib/sunrsasign.jar:/Library/Java/JavaVirtualMachines/jdk1.8.0_60.jdk/Contents/Home/jre/lib/jsse.jar:/Library/Java/JavaVirtualMachines/jdk1.8.0_60.jdk/Contents/Home/jre/lib/jce.jar:/Library/Java/JavaVirtualMachines/jdk1.8.0_60.jdk/Contents/Home/jre/lib/charsets.jar:/Library/Java/JavaVirtualMachines/jdk1.8.0_60.jdk/Contents/Home/jre/lib/jfr.jar:/Library/Java/JavaVirtualMachines/jdk1.8.0_60.jdk/Contents/Home/jre/classes, java.vendor=Oracle Corporation, localRepository=/Users/mingkunchen/.m2/repository, file.separator=/, java.vendor.url.bug=http://bugreport.sun.com/bugreport/, hibernate.hbm2ddl.auto=update, sun.io.unicode.encoding=UnicodeBig, sun.cpu.endian=little, sun.cpu.isalist=}
19:17:57.086 [main] DEBUG o.h.secure.spi.JaccIntegrator - Skipping JACC integration as it was not enabled
19:17:57.110 [main] DEBUG o.h.b.internal.ClassLoaderAccessImpl - Not known whether passed class name [domain.PersonDomainModel] is safe
19:17:57.110 [main] DEBUG o.h.b.internal.ClassLoaderAccessImpl - No temp ClassLoader provided; using live ClassLoader for loading potentially unsafe class : domain.PersonDomainModel
19:17:57.122 [main] DEBUG o.h.b.internal.ClassLoaderAccessImpl - Not known whether passed class name [domain.PersonDomainModel] is safe
19:17:57.122 [main] DEBUG o.h.b.internal.ClassLoaderAccessImpl - No temp ClassLoader provided; using live ClassLoader for loading potentially unsafe class : domain.PersonDomainModel
19:17:57.213 [main] DEBUG o.h.p.entity.AbstractEntityPersister - Static SQL for entity: domain.PersonDomainModel
19:17:57.213 [main] DEBUG o.h.p.entity.AbstractEntityPersister -  Version select: select PersonID from CHENM.per where PersonID =?
19:17:57.213 [main] DEBUG o.h.p.entity.AbstractEntityPersister -  Snapshot select: select persondoma_.PersonID, persondoma_.firstName as firstName2_0_, persondoma_.lastName as lastName3_0_, persondoma_.street as street4_0_, persondoma_.postalCode as postalCode5_0_, persondoma_.city as city6_0_, persondoma_.birthday as birthday7_0_ from CHENM.per persondoma_ where persondoma_.PersonID=?
19:17:57.213 [main] DEBUG o.h.p.entity.AbstractEntityPersister -  Insert 0: insert into CHENM.per (firstName, lastName, street, postalCode, city, birthday, PersonID) values (?, ?, ?, ?, ?, ?, ?)
19:17:57.213 [main] DEBUG o.h.p.entity.AbstractEntityPersister -  Update 0: update CHENM.per set firstName=?, lastName=?, street=?, postalCode=?, city=?, birthday=? where PersonID=?
19:17:57.213 [main] DEBUG o.h.p.entity.AbstractEntityPersister -  Delete 0: delete from CHENM.per where PersonID=?
19:17:57.231 [main] DEBUG o.h.l.p.b.i.spaces.QuerySpacesImpl - Adding QuerySpace : uid = &lt;gen:0&gt; -&gt; org.hibernate.loader.plan.build.internal.spaces.EntityQuerySpaceImpl@3d6300e8]
19:17:57.231 [main] DEBUG o.h.p.w.spi.MetamodelGraphWalker - Visiting attribute path : firstName
19:17:57.232 [main] DEBUG o.h.p.w.spi.MetamodelGraphWalker - Visiting attribute path : lastName
19:17:57.232 [main] DEBUG o.h.p.w.spi.MetamodelGraphWalker - Visiting attribute path : street
19:17:57.232 [main] DEBUG o.h.p.w.spi.MetamodelGraphWalker - Visiting attribute path : postalCode
19:17:57.232 [main] DEBUG o.h.p.w.spi.MetamodelGraphWalker - Visiting attribute path : city
19:17:57.232 [main] DEBUG o.h.p.w.spi.MetamodelGraphWalker - Visiting attribute path : birthday
19:17:57.232 [main] DEBUG o.h.l.p.b.i.FetchStyleLoadPlanBuildingAssociationVisitationStrategy - Building LoadPlan...
19:17:57.243 [main] DEBUG o.h.l.p.e.i.LoadQueryJoinAndFetchProcessor - processing queryspace &lt;gen:0&gt;
19:17:57.246 [main] DEBUG o.h.l.p.b.spi.LoadPlanTreePrinter - LoadPlan(entity=domain.PersonDomainModel)
    - Returns
       - EntityReturnImpl(entity=domain.PersonDomainModel, querySpaceUid=&lt;gen:0&gt;, path=domain.PersonDomainModel)
    - QuerySpaces
       - EntityQuerySpaceImpl(uid=&lt;gen:0&gt;, entity=domain.PersonDomainModel)
          - SQL table alias mapping - persondoma0_
          - alias suffix - 0_
          - suffixed key columns - {PersonID1_0_0_}

19:17:57.248 [main] DEBUG o.h.loader.entity.plan.EntityLoader - Static select for entity domain.PersonDomainModel [NONE]: select persondoma0_.PersonID as PersonID1_0_0_, persondoma0_.firstName as firstName2_0_0_, persondoma0_.lastName as lastName3_0_0_, persondoma0_.street as street4_0_0_, persondoma0_.postalCode as postalCode5_0_0_, persondoma0_.city as city6_0_0_, persondoma0_.birthday as birthday7_0_0_ from CHENM.per persondoma0_ where persondoma0_.PersonID=?
19:17:57.248 [main] DEBUG o.h.l.p.b.i.spaces.QuerySpacesImpl - Adding QuerySpace : uid = &lt;gen:0&gt; -&gt; org.hibernate.loader.plan.build.internal.spaces.EntityQuerySpaceImpl@76b74e9c]
19:17:57.248 [main] DEBUG o.h.p.w.spi.MetamodelGraphWalker - Visiting attribute path : firstName
19:17:57.248 [main] DEBUG o.h.p.w.spi.MetamodelGraphWalker - Visiting attribute path : lastName
19:17:57.248 [main] DEBUG o.h.p.w.spi.MetamodelGraphWalker - Visiting attribute path : street
19:17:57.248 [main] DEBUG o.h.p.w.spi.MetamodelGraphWalker - Visiting attribute path : postalCode
19:17:57.248 [main] DEBUG o.h.p.w.spi.MetamodelGraphWalker - Visiting attribute path : city
19:17:57.248 [main] DEBUG o.h.p.w.spi.MetamodelGraphWalker - Visiting attribute path : birthday
19:17:57.248 [main] DEBUG o.h.l.p.b.i.FetchStyleLoadPlanBuildingAssociationVisitationStrategy - Building LoadPlan...
19:17:57.249 [main] DEBUG o.h.l.p.e.i.LoadQueryJoinAndFetchProcessor - processing queryspace &lt;gen:0&gt;
19:17:57.249 [main] DEBUG o.h.l.p.b.spi.LoadPlanTreePrinter - LoadPlan(entity=domain.PersonDomainModel)
    - Returns
       - EntityReturnImpl(entity=domain.PersonDomainModel, querySpaceUid=&lt;gen:0&gt;, path=domain.PersonDomainModel)
    - QuerySpaces
       - EntityQuerySpaceImpl(uid=&lt;gen:0&gt;, entity=domain.PersonDomainModel)
          - SQL table alias mapping - persondoma0_
          - alias suffix - 0_
          - suffixed key columns - {PersonID1_0_0_}

19:17:57.249 [main] DEBUG o.h.loader.entity.plan.EntityLoader - Static select for entity domain.PersonDomainModel [READ]: select persondoma0_.PersonID as PersonID1_0_0_, persondoma0_.firstName as firstName2_0_0_, persondoma0_.lastName as lastName3_0_0_, persondoma0_.street as street4_0_0_, persondoma0_.postalCode as postalCode5_0_0_, persondoma0_.city as city6_0_0_, persondoma0_.birthday as birthday7_0_0_ from CHENM.per persondoma0_ where persondoma0_.PersonID=?
19:17:57.249 [main] DEBUG o.h.l.p.b.i.spaces.QuerySpacesImpl - Adding QuerySpace : uid = &lt;gen:0&gt; -&gt; org.hibernate.loader.plan.build.internal.spaces.EntityQuerySpaceImpl@8ab78bc]
19:17:57.249 [main] DEBUG o.h.p.w.spi.MetamodelGraphWalker - Visiting attribute path : firstName
19:17:57.249 [main] DEBUG o.h.p.w.spi.MetamodelGraphWalker - Visiting attribute path : lastName
19:17:57.249 [main] DEBUG o.h.p.w.spi.MetamodelGraphWalker - Visiting attribute path : street
19:17:57.249 [main] DEBUG o.h.p.w.spi.MetamodelGraphWalker - Visiting attribute path : postalCode
19:17:57.249 [main] DEBUG o.h.p.w.spi.MetamodelGraphWalker - Visiting attribute path : city
19:17:57.249 [main] DEBUG o.h.p.w.spi.MetamodelGraphWalker - Visiting attribute path : birthday
19:17:57.249 [main] DEBUG o.h.l.p.b.i.FetchStyleLoadPlanBuildingAssociationVisitationStrategy - Building LoadPlan...
19:17:57.250 [main] DEBUG o.h.l.p.e.i.LoadQueryJoinAndFetchProcessor - processing queryspace &lt;gen:0&gt;
19:17:57.250 [main] DEBUG o.h.l.p.b.spi.LoadPlanTreePrinter - LoadPlan(entity=domain.PersonDomainModel)
    - Returns
       - EntityReturnImpl(entity=domain.PersonDomainModel, querySpaceUid=&lt;gen:0&gt;, path=domain.PersonDomainModel)
    - QuerySpaces
       - EntityQuerySpaceImpl(uid=&lt;gen:0&gt;, entity=domain.PersonDomainModel)
          - SQL table alias mapping - persondoma0_
          - alias suffix - 0_
          - suffixed key columns - {PersonID1_0_0_}

19:17:57.250 [main] DEBUG o.h.loader.entity.plan.EntityLoader - Static select for entity domain.PersonDomainModel [UPGRADE]: select persondoma0_.PersonID as PersonID1_0_0_, persondoma0_.firstName as firstName2_0_0_, persondoma0_.lastName as lastName3_0_0_, persondoma0_.street as street4_0_0_, persondoma0_.postalCode as postalCode5_0_0_, persondoma0_.city as city6_0_0_, persondoma0_.birthday as birthday7_0_0_ from CHENM.per persondoma0_ where persondoma0_.PersonID=? for update
19:17:57.250 [main] DEBUG o.h.l.p.b.i.spaces.QuerySpacesImpl - Adding QuerySpace : uid = &lt;gen:0&gt; -&gt; org.hibernate.loader.plan.build.internal.spaces.EntityQuerySpaceImpl@16afbd92]
19:17:57.250 [main] DEBUG o.h.p.w.spi.MetamodelGraphWalker - Visiting attribute path : firstName
19:17:57.250 [main] DEBUG o.h.p.w.spi.MetamodelGraphWalker - Visiting attribute path : lastName
19:17:57.250 [main] DEBUG o.h.p.w.spi.MetamodelGraphWalker - Visiting attribute path : street
19:17:57.250 [main] DEBUG o.h.p.w.spi.MetamodelGraphWalker - Visiting attribute path : postalCode
19:17:57.250 [main] DEBUG o.h.p.w.spi.MetamodelGraphWalker - Visiting attribute path : city
19:17:57.250 [main] DEBUG o.h.p.w.spi.MetamodelGraphWalker - Visiting attribute path : birthday
19:17:57.250 [main] DEBUG o.h.l.p.b.i.FetchStyleLoadPlanBuildingAssociationVisitationStrategy - Building LoadPlan...
19:17:57.250 [main] DEBUG o.h.l.p.e.i.LoadQueryJoinAndFetchProcessor - processing queryspace &lt;gen:0&gt;
19:17:57.251 [main] DEBUG o.h.l.p.b.spi.LoadPlanTreePrinter - LoadPlan(entity=domain.PersonDomainModel)
    - Returns
       - EntityReturnImpl(entity=domain.PersonDomainModel, querySpaceUid=&lt;gen:0&gt;, path=domain.PersonDomainModel)
    - QuerySpaces
       - EntityQuerySpaceImpl(uid=&lt;gen:0&gt;, entity=domain.PersonDomainModel)
          - SQL table alias mapping - persondoma0_
          - alias suffix - 0_
          - suffixed key columns - {PersonID1_0_0_}

19:17:57.251 [main] DEBUG o.h.loader.entity.plan.EntityLoader - Static select for entity domain.PersonDomainModel [UPGRADE_NOWAIT]: select persondoma0_.PersonID as PersonID1_0_0_, persondoma0_.firstName as firstName2_0_0_, persondoma0_.lastName as lastName3_0_0_, persondoma0_.street as street4_0_0_, persondoma0_.postalCode as postalCode5_0_0_, persondoma0_.city as city6_0_0_, persondoma0_.birthday as birthday7_0_0_ from CHENM.per persondoma0_ where persondoma0_.PersonID=? for update nowait
19:17:57.251 [main] DEBUG o.h.l.p.b.i.spaces.QuerySpacesImpl - Adding QuerySpace : uid = &lt;gen:0&gt; -&gt; org.hibernate.loader.plan.build.internal.spaces.EntityQuerySpaceImpl@7fe083b1]
19:17:57.251 [main] DEBUG o.h.p.w.spi.MetamodelGraphWalker - Visiting attribute path : firstName
19:17:57.251 [main] DEBUG o.h.p.w.spi.MetamodelGraphWalker - Visiting attribute path : lastName
19:17:57.251 [main] DEBUG o.h.p.w.spi.MetamodelGraphWalker - Visiting attribute path : street
19:17:57.251 [main] DEBUG o.h.p.w.spi.MetamodelGraphWalker - Visiting attribute path : postalCode
19:17:57.251 [main] DEBUG o.h.p.w.spi.MetamodelGraphWalker - Visiting attribute path : city
19:17:57.251 [main] DEBUG o.h.p.w.spi.MetamodelGraphWalker - Visiting attribute path : birthday
19:17:57.251 [main] DEBUG o.h.l.p.b.i.FetchStyleLoadPlanBuildingAssociationVisitationStrategy - Building LoadPlan...
19:17:57.251 [main] DEBUG o.h.l.p.e.i.LoadQueryJoinAndFetchProcessor - processing queryspace &lt;gen:0&gt;
19:17:57.252 [main] DEBUG o.h.l.p.b.spi.LoadPlanTreePrinter - LoadPlan(entity=domain.PersonDomainModel)
    - Returns
       - EntityReturnImpl(entity=domain.PersonDomainModel, querySpaceUid=&lt;gen:0&gt;, path=domain.PersonDomainModel)
    - QuerySpaces
       - EntityQuerySpaceImpl(uid=&lt;gen:0&gt;, entity=domain.PersonDomainModel)
          - SQL table alias mapping - persondoma0_
          - alias suffix - 0_
          - suffixed key columns - {PersonID1_0_0_}

19:17:57.252 [main] DEBUG o.h.loader.entity.plan.EntityLoader - Static select for entity domain.PersonDomainModel [UPGRADE_SKIPLOCKED]: select persondoma0_.PersonID as PersonID1_0_0_, persondoma0_.firstName as firstName2_0_0_, persondoma0_.lastName as lastName3_0_0_, persondoma0_.street as street4_0_0_, persondoma0_.postalCode as postalCode5_0_0_, persondoma0_.city as city6_0_0_, persondoma0_.birthday as birthday7_0_0_ from CHENM.per persondoma0_ where persondoma0_.PersonID=? for update skip locked
19:17:57.252 [main] DEBUG o.h.l.p.b.i.spaces.QuerySpacesImpl - Adding QuerySpace : uid = &lt;gen:0&gt; -&gt; org.hibernate.loader.plan.build.internal.spaces.EntityQuerySpaceImpl@486be205]
19:17:57.252 [main] DEBUG o.h.p.w.spi.MetamodelGraphWalker - Visiting attribute path : firstName
19:17:57.252 [main] DEBUG o.h.p.w.spi.MetamodelGraphWalker - Visiting attribute path : lastName
19:17:57.252 [main] DEBUG o.h.p.w.spi.MetamodelGraphWalker - Visiting attribute path : street
19:17:57.252 [main] DEBUG o.h.p.w.spi.MetamodelGraphWalker - Visiting attribute path : postalCode
19:17:57.252 [main] DEBUG o.h.p.w.spi.MetamodelGraphWalker - Visiting attribute path : city
19:17:57.252 [main] DEBUG o.h.p.w.spi.MetamodelGraphWalker - Visiting attribute path : birthday
19:17:57.252 [main] DEBUG o.h.l.p.b.i.FetchStyleLoadPlanBuildingAssociationVisitationStrategy - Building LoadPlan...
19:17:57.252 [main] DEBUG o.h.l.p.e.i.LoadQueryJoinAndFetchProcessor - processing queryspace &lt;gen:0&gt;
19:17:57.253 [main] DEBUG o.h.l.p.b.spi.LoadPlanTreePrinter - LoadPlan(entity=domain.PersonDomainModel)
    - Returns
       - EntityReturnImpl(entity=domain.PersonDomainModel, querySpaceUid=&lt;gen:0&gt;, path=domain.PersonDomainModel)
    - QuerySpaces
       - EntityQuerySpaceImpl(uid=&lt;gen:0&gt;, entity=domain.PersonDomainModel)
          - SQL table alias mapping - persondoma0_
          - alias suffix - 0_
          - suffixed key columns - {PersonID1_0_0_}

19:17:57.253 [main] DEBUG o.h.loader.entity.plan.EntityLoader - Static select for entity domain.PersonDomainModel [FORCE]: select persondoma0_.PersonID as PersonID1_0_0_, persondoma0_.firstName as firstName2_0_0_, persondoma0_.lastName as lastName3_0_0_, persondoma0_.street as street4_0_0_, persondoma0_.postalCode as postalCode5_0_0_, persondoma0_.city as city6_0_0_, persondoma0_.birthday as birthday7_0_0_ from CHENM.per persondoma0_ where persondoma0_.PersonID=? for update nowait
19:17:57.253 [main] DEBUG o.h.l.p.b.i.spaces.QuerySpacesImpl - Adding QuerySpace : uid = &lt;gen:0&gt; -&gt; org.hibernate.loader.plan.build.internal.spaces.EntityQuerySpaceImpl@74f7d1d2]
19:17:57.253 [main] DEBUG o.h.p.w.spi.MetamodelGraphWalker - Visiting attribute path : firstName
19:17:57.253 [main] DEBUG o.h.p.w.spi.MetamodelGraphWalker - Visiting attribute path : lastName
19:17:57.253 [main] DEBUG o.h.p.w.spi.MetamodelGraphWalker - Visiting attribute path : street
19:17:57.253 [main] DEBUG o.h.p.w.spi.MetamodelGraphWalker - Visiting attribute path : postalCode
19:17:57.253 [main] DEBUG o.h.p.w.spi.MetamodelGraphWalker - Visiting attribute path : city
19:17:57.253 [main] DEBUG o.h.p.w.spi.MetamodelGraphWalker - Visiting attribute path : birthday
19:17:57.253 [main] DEBUG o.h.l.p.b.i.FetchStyleLoadPlanBuildingAssociationVisitationStrategy - Building LoadPlan...
19:17:57.253 [main] DEBUG o.h.l.p.e.i.LoadQueryJoinAndFetchProcessor - processing queryspace &lt;gen:0&gt;
19:17:57.253 [main] DEBUG o.h.l.p.b.spi.LoadPlanTreePrinter - LoadPlan(entity=domain.PersonDomainModel)
    - Returns
       - EntityReturnImpl(entity=domain.PersonDomainModel, querySpaceUid=&lt;gen:0&gt;, path=domain.PersonDomainModel)
    - QuerySpaces
       - EntityQuerySpaceImpl(uid=&lt;gen:0&gt;, entity=domain.PersonDomainModel)
          - SQL table alias mapping - persondoma0_
          - alias suffix - 0_
          - suffixed key columns - {PersonID1_0_0_}

19:17:57.253 [main] DEBUG o.h.loader.entity.plan.EntityLoader - Static select for entity domain.PersonDomainModel [PESSIMISTIC_READ]: select persondoma0_.PersonID as PersonID1_0_0_, persondoma0_.firstName as firstName2_0_0_, persondoma0_.lastName as lastName3_0_0_, persondoma0_.street as street4_0_0_, persondoma0_.postalCode as postalCode5_0_0_, persondoma0_.city as city6_0_0_, persondoma0_.birthday as birthday7_0_0_ from CHENM.per persondoma0_ where persondoma0_.PersonID=? for update
19:17:57.254 [main] DEBUG o.h.l.p.b.i.spaces.QuerySpacesImpl - Adding QuerySpace : uid = &lt;gen:0&gt; -&gt; org.hibernate.loader.plan.build.internal.spaces.EntityQuerySpaceImpl@5ca17ab0]
19:17:57.254 [main] DEBUG o.h.p.w.spi.MetamodelGraphWalker - Visiting attribute path : firstName
19:17:57.254 [main] DEBUG o.h.p.w.spi.MetamodelGraphWalker - Visiting attribute path : lastName
19:17:57.254 [main] DEBUG o.h.p.w.spi.MetamodelGraphWalker - Visiting attribute path : street
19:17:57.254 [main] DEBUG o.h.p.w.spi.MetamodelGraphWalker - Visiting attribute path : postalCode
19:17:57.254 [main] DEBUG o.h.p.w.spi.MetamodelGraphWalker - Visiting attribute path : city
19:17:57.254 [main] DEBUG o.h.p.w.spi.MetamodelGraphWalker - Visiting attribute path : birthday
19:17:57.254 [main] DEBUG o.h.l.p.b.i.FetchStyleLoadPlanBuildingAssociationVisitationStrategy - Building LoadPlan...
19:17:57.254 [main] DEBUG o.h.l.p.e.i.LoadQueryJoinAndFetchProcessor - processing queryspace &lt;gen:0&gt;
19:17:57.254 [main] DEBUG o.h.l.p.b.spi.LoadPlanTreePrinter - LoadPlan(entity=domain.PersonDomainModel)
    - Returns
       - EntityReturnImpl(entity=domain.PersonDomainModel, querySpaceUid=&lt;gen:0&gt;, path=domain.PersonDomainModel)
    - QuerySpaces
       - EntityQuerySpaceImpl(uid=&lt;gen:0&gt;, entity=domain.PersonDomainModel)
          - SQL table alias mapping - persondoma0_
          - alias suffix - 0_
          - suffixed key columns - {PersonID1_0_0_}

19:17:57.254 [main] DEBUG o.h.loader.entity.plan.EntityLoader - Static select for entity domain.PersonDomainModel [PESSIMISTIC_WRITE]: select persondoma0_.PersonID as PersonID1_0_0_, persondoma0_.firstName as firstName2_0_0_, persondoma0_.lastName as lastName3_0_0_, persondoma0_.street as street4_0_0_, persondoma0_.postalCode as postalCode5_0_0_, persondoma0_.city as city6_0_0_, persondoma0_.birthday as birthday7_0_0_ from CHENM.per persondoma0_ where persondoma0_.PersonID=? for update
19:17:57.255 [main] DEBUG o.h.l.p.b.i.spaces.QuerySpacesImpl - Adding QuerySpace : uid = &lt;gen:0&gt; -&gt; org.hibernate.loader.plan.build.internal.spaces.EntityQuerySpaceImpl@1051817b]
19:17:57.255 [main] DEBUG o.h.p.w.spi.MetamodelGraphWalker - Visiting attribute path : firstName
19:17:57.255 [main] DEBUG o.h.p.w.spi.MetamodelGraphWalker - Visiting attribute path : lastName
19:17:57.255 [main] DEBUG o.h.p.w.spi.MetamodelGraphWalker - Visiting attribute path : street
19:17:57.255 [main] DEBUG o.h.p.w.spi.MetamodelGraphWalker - Visiting attribute path : postalCode
19:17:57.255 [main] DEBUG o.h.p.w.spi.MetamodelGraphWalker - Visiting attribute path : city
19:17:57.255 [main] DEBUG o.h.p.w.spi.MetamodelGraphWalker - Visiting attribute path : birthday
19:17:57.255 [main] DEBUG o.h.l.p.b.i.FetchStyleLoadPlanBuildingAssociationVisitationStrategy - Building LoadPlan...
19:17:57.255 [main] DEBUG o.h.l.p.e.i.LoadQueryJoinAndFetchProcessor - processing queryspace &lt;gen:0&gt;
19:17:57.255 [main] DEBUG o.h.l.p.b.spi.LoadPlanTreePrinter - LoadPlan(entity=domain.PersonDomainModel)
    - Returns
       - EntityReturnImpl(entity=domain.PersonDomainModel, querySpaceUid=&lt;gen:0&gt;, path=domain.PersonDomainModel)
    - QuerySpaces
       - EntityQuerySpaceImpl(uid=&lt;gen:0&gt;, entity=domain.PersonDomainModel)
          - SQL table alias mapping - persondoma0_
          - alias suffix - 0_
          - suffixed key columns - {PersonID1_0_0_}

19:17:57.255 [main] DEBUG o.h.loader.entity.plan.EntityLoader - Static select for entity domain.PersonDomainModel [PESSIMISTIC_FORCE_INCREMENT]: select persondoma0_.PersonID as PersonID1_0_0_, persondoma0_.firstName as firstName2_0_0_, persondoma0_.lastName as lastName3_0_0_, persondoma0_.street as street4_0_0_, persondoma0_.postalCode as postalCode5_0_0_, persondoma0_.city as city6_0_0_, persondoma0_.birthday as birthday7_0_0_ from CHENM.per persondoma0_ where persondoma0_.PersonID=? for update nowait
19:17:57.256 [main] DEBUG o.h.l.p.b.i.spaces.QuerySpacesImpl - Adding QuerySpace : uid = &lt;gen:0&gt; -&gt; org.hibernate.loader.plan.build.internal.spaces.EntityQuerySpaceImpl@620aa4ea]
19:17:57.256 [main] DEBUG o.h.p.w.spi.MetamodelGraphWalker - Visiting attribute path : firstName
19:17:57.256 [main] DEBUG o.h.p.w.spi.MetamodelGraphWalker - Visiting attribute path : lastName
19:17:57.256 [main] DEBUG o.h.p.w.spi.MetamodelGraphWalker - Visiting attribute path : street
19:17:57.256 [main] DEBUG o.h.p.w.spi.MetamodelGraphWalker - Visiting attribute path : postalCode
19:17:57.256 [main] DEBUG o.h.p.w.spi.MetamodelGraphWalker - Visiting attribute path : city
19:17:57.256 [main] DEBUG o.h.p.w.spi.MetamodelGraphWalker - Visiting attribute path : birthday
19:17:57.256 [main] DEBUG o.h.l.p.b.i.FetchStyleLoadPlanBuildingAssociationVisitationStrategy - Building LoadPlan...
19:17:57.256 [main] DEBUG o.h.l.p.e.i.LoadQueryJoinAndFetchProcessor - processing queryspace &lt;gen:0&gt;
19:17:57.256 [main] DEBUG o.h.l.p.b.spi.LoadPlanTreePrinter - LoadPlan(entity=domain.PersonDomainModel)
    - Returns
       - EntityReturnImpl(entity=domain.PersonDomainModel, querySpaceUid=&lt;gen:0&gt;, path=domain.PersonDomainModel)
    - QuerySpaces
       - EntityQuerySpaceImpl(uid=&lt;gen:0&gt;, entity=domain.PersonDomainModel)
          - SQL table alias mapping - persondoma0_
          - alias suffix - 0_
          - suffixed key columns - {PersonID1_0_0_}

19:17:57.257 [main] DEBUG o.h.loader.entity.plan.EntityLoader - Static select for entity domain.PersonDomainModel [OPTIMISTIC]: select persondoma0_.PersonID as PersonID1_0_0_, persondoma0_.firstName as firstName2_0_0_, persondoma0_.lastName as lastName3_0_0_, persondoma0_.street as street4_0_0_, persondoma0_.postalCode as postalCode5_0_0_, persondoma0_.city as city6_0_0_, persondoma0_.birthday as birthday7_0_0_ from CHENM.per persondoma0_ where persondoma0_.PersonID=?
19:17:57.257 [main] DEBUG o.h.l.p.b.i.spaces.QuerySpacesImpl - Adding QuerySpace : uid = &lt;gen:0&gt; -&gt; org.hibernate.loader.plan.build.internal.spaces.EntityQuerySpaceImpl@3174cb09]
19:17:57.257 [main] DEBUG o.h.p.w.spi.MetamodelGraphWalker - Visiting attribute path : firstName
19:17:57.257 [main] DEBUG o.h.p.w.spi.MetamodelGraphWalker - Visiting attribute path : lastName
19:17:57.257 [main] DEBUG o.h.p.w.spi.MetamodelGraphWalker - Visiting attribute path : street
19:17:57.257 [main] DEBUG o.h.p.w.spi.MetamodelGraphWalker - Visiting attribute path : postalCode
19:17:57.257 [main] DEBUG o.h.p.w.spi.MetamodelGraphWalker - Visiting attribute path : city
19:17:57.257 [main] DEBUG o.h.p.w.spi.MetamodelGraphWalker - Visiting attribute path : birthday
19:17:57.257 [main] DEBUG o.h.l.p.b.i.FetchStyleLoadPlanBuildingAssociationVisitationStrategy - Building LoadPlan...
19:17:57.257 [main] DEBUG o.h.l.p.e.i.LoadQueryJoinAndFetchProcessor - processing queryspace &lt;gen:0&gt;
19:17:57.258 [main] DEBUG o.h.l.p.b.spi.LoadPlanTreePrinter - LoadPlan(entity=domain.PersonDomainModel)
    - Returns
       - EntityReturnImpl(entity=domain.PersonDomainModel, querySpaceUid=&lt;gen:0&gt;, path=domain.PersonDomainModel)
    - QuerySpaces
       - EntityQuerySpaceImpl(uid=&lt;gen:0&gt;, entity=domain.PersonDomainModel)
          - SQL table alias mapping - persondoma0_
          - alias suffix - 0_
          - suffixed key columns - {PersonID1_0_0_}

19:17:57.258 [main] DEBUG o.h.loader.entity.plan.EntityLoader - Static select for entity domain.PersonDomainModel [OPTIMISTIC_FORCE_INCREMENT]: select persondoma0_.PersonID as PersonID1_0_0_, persondoma0_.firstName as firstName2_0_0_, persondoma0_.lastName as lastName3_0_0_, persondoma0_.street as street4_0_0_, persondoma0_.postalCode as postalCode5_0_0_, persondoma0_.city as city6_0_0_, persondoma0_.birthday as birthday7_0_0_ from CHENM.per persondoma0_ where persondoma0_.PersonID=?
19:17:57.272 [main] DEBUG org.hibernate.loader.Loader - Static select for action ACTION_MERGE on entity domain.PersonDomainModel: select persondoma0_.PersonID as PersonID1_0_0_, persondoma0_.firstName as firstName2_0_0_, persondoma0_.lastName as lastName3_0_0_, persondoma0_.street as street4_0_0_, persondoma0_.postalCode as postalCode5_0_0_, persondoma0_.city as city6_0_0_, persondoma0_.birthday as birthday7_0_0_ from CHENM.per persondoma0_ where persondoma0_.PersonID=?
19:17:57.272 [main] DEBUG org.hibernate.loader.Loader - Static select for action ACTION_REFRESH on entity domain.PersonDomainModel: select persondoma0_.PersonID as PersonID1_0_0_, persondoma0_.firstName as firstName2_0_0_, persondoma0_.lastName as lastName3_0_0_, persondoma0_.street as street4_0_0_, persondoma0_.postalCode as postalCode5_0_0_, persondoma0_.city as city6_0_0_, persondoma0_.birthday as birthday7_0_0_ from CHENM.per persondoma0_ where persondoma0_.PersonID=?
19:17:57.272 [main] DEBUG o.h.internal.SessionFactoryImpl - Instantiated session factory
19:17:57.276 [main] INFO  o.h.tool.hbm2ddl.SchemaUpdate - HHH000228: Running hbm2ddl schema update
19:17:58.418 [main] DEBUG o.h.tool.hbm2ddl.SchemaUpdate - No alter strings for table : per
19:17:58.445 [main] DEBUG o.h.e.t.j.p.i.JtaPlatformInitiator - No JtaPlatform was specified, checking resolver
19:17:58.445 [main] DEBUG o.h.e.t.j.p.i.JtaPlatformResolverInitiator - No JtaPlatformResolver was specified, using default [org.hibernate.engine.transaction.jta.platform.internal.StandardJtaPlatformResolver]
19:17:58.447 [main] DEBUG o.h.e.t.j.p.i.StandardJtaPlatformResolver - Could not resolve JtaPlatform, using default [org.hibernate.engine.transaction.jta.platform.internal.NoJtaPlatform]
19:17:58.448 [main] DEBUG o.h.internal.NamedQueryRepository - Checking 0 named HQL queries
19:17:58.448 [main] DEBUG o.h.internal.NamedQueryRepository - Checking 0 named SQL queries
19:17:58.449 [main] DEBUG o.h.internal.SessionFactoryRegistry - Initializing SessionFactoryRegistry : org.hibernate.internal.SessionFactoryRegistry@3ef41c66
19:17:58.451 [main] DEBUG o.h.internal.SessionFactoryRegistry - Registering SessionFactory: a48fd05a-d6c2-403d-a39f-4a130185d1e4 (&lt;unnamed&gt;)
19:17:58.451 [main] DEBUG o.h.internal.SessionFactoryRegistry - Not binding SessionFactory to JNDI, no JNDI name configured
19:17:58.491 [main] DEBUG o.h.s.internal.StatisticsInitiator - Statistics initialized [enabled=false]
19:17:58.492 [main] DEBUG o.h.e.t.internal.TransactionImpl - begin
19:17:58.502 [main] DEBUG o.h.h.i.QueryTranslatorFactoryInitiator - QueryTranslatorFactory : org.hibernate.hql.internal.ast.ASTQueryTranslatorFactory@545f80bf
19:17:58.502 [main] INFO  o.h.h.i.QueryTranslatorFactoryInitiator - HHH000397: Using ASTQueryTranslatorFactory
19:17:58.527 [main] DEBUG o.h.h.i.ast.QueryTranslatorImpl - parse() - HQL: from domain.PersonDomainModel where personId = :id 
19:17:58.534 [main] DEBUG o.h.h.i.ast.QueryTranslatorImpl - --- HQL AST ---
 \-[QUERY] Node: &apos;query&apos;
    +-[SELECT_FROM] Node: &apos;SELECT_FROM&apos;
    |  \-[FROM] Node: &apos;from&apos;
    |     \-[RANGE] Node: &apos;RANGE&apos;
    |        \-[DOT] Node: &apos;.&apos;
    |           +-[IDENT] Node: &apos;domain&apos;
    |           \-[IDENT] Node: &apos;PersonDomainModel&apos;
    \-[WHERE] Node: &apos;where&apos;
       \-[EQ] Node: &apos;=&apos;
          +-[IDENT] Node: &apos;personId&apos;
          \-[COLON] Node: &apos;:&apos;
             \-[IDENT] Node: &apos;id&apos;

19:17:58.534 [main] DEBUG o.h.hql.internal.ast.ErrorCounter - throwQueryException() : no errors
19:17:58.554 [main] DEBUG o.h.h.i.antlr.HqlSqlBaseWalker - select &lt;&lt; begin [level=1, statement=select]
19:17:58.566 [main] DEBUG o.h.h.internal.ast.tree.FromElement - FromClause{level=1} : domain.PersonDomainModel (&lt;no alias&gt;) -&gt; persondoma0_
19:17:58.570 [main] DEBUG o.h.h.i.antlr.HqlSqlBaseWalker - select : finishing up [level=1, statement=select]
19:17:58.570 [main] DEBUG o.h.hql.internal.ast.HqlSqlWalker - processQuery() :  ( SELECT ( FromClause{level=1} CHENM.per persondoma0_ ) ( where ( = personId ? ) ) )
19:17:58.575 [main] DEBUG o.h.hql.internal.ast.HqlSqlWalker - Derived SELECT clause created.
19:17:58.579 [main] DEBUG o.h.h.i.ast.util.JoinProcessor - Using FROM fragment [CHENM.per persondoma0_]
19:17:58.579 [main] DEBUG o.h.h.i.antlr.HqlSqlBaseWalker - select &gt;&gt; end [level=1, statement=select]
19:17:58.580 [main] DEBUG o.h.h.i.ast.QueryTranslatorImpl - --- SQL AST ---
 \-[SELECT] QueryNode: &apos;SELECT&apos;  querySpaces (CHENM.per)
    +-[SELECT_CLAUSE] SelectClause: &apos;{derived select clause}&apos;
    |  +-[SELECT_EXPR] SelectExpressionImpl: &apos;persondoma0_.PersonID as PersonID1_0_&apos; {FromElement{explicit,not a collection join,not a fetch join,fetch non-lazy properties,classAlias=null,role=null,tableName=CHENM.per,tableAlias=persondoma0_,origin=null,columns={,className=domain.PersonDomainModel}}}
    |  \-[SQL_TOKEN] SqlFragment: &apos;persondoma0_.firstName as firstName2_0_, persondoma0_.lastName as lastName3_0_, persondoma0_.street as street4_0_, persondoma0_.postalCode as postalCode5_0_, persondoma0_.city as city6_0_, persondoma0_.birthday as birthday7_0_&apos;
    +-[FROM] FromClause: &apos;from&apos; FromClause{level=1, fromElementCounter=1, fromElements=1, fromElementByClassAlias=[], fromElementByTableAlias=[persondoma0_], fromElementsByPath=[], collectionJoinFromElementsByPath=[], impliedElements=[]}
    |  \-[FROM_FRAGMENT] FromElement: &apos;CHENM.per persondoma0_&apos; FromElement{explicit,not a collection join,not a fetch join,fetch non-lazy properties,classAlias=null,role=null,tableName=CHENM.per,tableAlias=persondoma0_,origin=null,columns={,className=domain.PersonDomainModel}}
    \-[WHERE] SqlNode: &apos;where&apos;
       \-[EQ] BinaryLogicOperatorNode: &apos;=&apos;
          +-[IDENT] IdentNode: &apos;personId&apos; {originalText=personId}
          \-[NAMED_PARAM] ParameterNode: &apos;?&apos; {name=id, expectedType=null}

19:17:58.580 [main] DEBUG o.h.hql.internal.ast.ErrorCounter - throwQueryException() : no errors
19:17:58.586 [main] DEBUG o.h.h.i.ast.QueryTranslatorImpl - HQL: from domain.PersonDomainModel where personId = :id 
19:17:58.586 [main] DEBUG o.h.h.i.ast.QueryTranslatorImpl - SQL: select persondoma0_.PersonID as PersonID1_0_, persondoma0_.firstName as firstName2_0_, persondoma0_.lastName as lastName3_0_, persondoma0_.street as street4_0_, persondoma0_.postalCode as postalCode5_0_, persondoma0_.city as city6_0_, persondoma0_.birthday as birthday7_0_ from CHENM.per persondoma0_ where personId=?
19:17:58.586 [main] DEBUG o.h.hql.internal.ast.ErrorCounter - throwQueryException() : no errors
19:17:58.604 [main] DEBUG org.hibernate.SQL - 
    select
        persondoma0_.PersonID as PersonID1_0_,
        persondoma0_.firstName as firstName2_0_,
        persondoma0_.lastName as lastName3_0_,
        persondoma0_.street as street4_0_,
        persondoma0_.postalCode as postalCode5_0_,
        persondoma0_.city as city6_0_,
        persondoma0_.birthday as birthday7_0_ 
    from
        CHENM.per persondoma0_ 
    where
        personId=?
Hibernate: 
    select
        persondoma0_.PersonID as PersonID1_0_,
        persondoma0_.firstName as firstName2_0_,
        persondoma0_.lastName as lastName3_0_,
        persondoma0_.street as street4_0_,
        persondoma0_.postalCode as postalCode5_0_,
        persondoma0_.city as city6_0_,
        persondoma0_.birthday as birthday7_0_ 
    from
        CHENM.per persondoma0_ 
    where
        personId=?
19:17:58.636 [main] DEBUG o.h.e.t.internal.TransactionImpl - begin
19:17:58.639 [main] DEBUG org.hibernate.SQL - 
    select
        persondoma0_.PersonID as PersonID1_0_0_,
        persondoma0_.firstName as firstName2_0_0_,
        persondoma0_.lastName as lastName3_0_0_,
        persondoma0_.street as street4_0_0_,
        persondoma0_.postalCode as postalCode5_0_0_,
        persondoma0_.city as city6_0_0_,
        persondoma0_.birthday as birthday7_0_0_ 
    from
        CHENM.per persondoma0_ 
    where
        persondoma0_.PersonID=?
Hibernate: 
    select
        persondoma0_.PersonID as PersonID1_0_0_,
        persondoma0_.firstName as firstName2_0_0_,
        persondoma0_.lastName as lastName3_0_0_,
        persondoma0_.street as street4_0_0_,
        persondoma0_.postalCode as postalCode5_0_0_,
        persondoma0_.city as city6_0_0_,
        persondoma0_.birthday as birthday7_0_0_ 
    from
        CHENM.per persondoma0_ 
    where
        persondoma0_.PersonID=?
19:17:58.662 [main] DEBUG o.h.r.j.i.ResourceRegistryStandardImpl - HHH000387: ResultSet&apos;s statement was not registered
19:17:58.662 [main] DEBUG o.h.l.e.p.AbstractLoadPlanBasedEntityLoader - Done entity load : domain.PersonDomainModel#b8ea6355-be32-4f05-af13-557436c2f6ae
</system-out>
  </testcase>
  <testcase classname="base.Person_Test" name="AddPersonTest" time="4.551">
    <error message="attempt to create delete event with null entity" type="java.lang.IllegalArgumentException">java.lang.IllegalArgumentException: attempt to create delete event with null entity
	at org.hibernate.event.spi.DeleteEvent.&lt;init&gt;(DeleteEvent.java:31)
	at org.hibernate.internal.SessionImpl.delete(SessionImpl.java:859)
	at base.PersonDAL.deletePerson(PersonDAL.java:99)
	at base.Person_Test.tearDown(Person_Test.java:82)
	at sun.reflect.NativeMethodAccessorImpl.invoke0(Native Method)
	at sun.reflect.NativeMethodAccessorImpl.invoke(NativeMethodAccessorImpl.java:62)
	at sun.reflect.DelegatingMethodAccessorImpl.invoke(DelegatingMethodAccessorImpl.java:43)
	at java.lang.reflect.Method.invoke(Method.java:497)
	at org.junit.runners.model.FrameworkMethod$1.runReflectiveCall(FrameworkMethod.java:47)
	at org.junit.internal.runners.model.ReflectiveCallable.run(ReflectiveCallable.java:12)
	at org.junit.runners.model.FrameworkMethod.invokeExplosively(FrameworkMethod.java:44)
	at org.junit.internal.runners.statements.RunAfters.evaluate(RunAfters.java:33)
	at org.junit.runners.ParentRunner.runLeaf(ParentRunner.java:271)
	at org.junit.runners.BlockJUnit4ClassRunner.runChild(BlockJUnit4ClassRunner.java:70)
	at org.junit.runners.BlockJUnit4ClassRunner.runChild(BlockJUnit4ClassRunner.java:50)
	at org.junit.runners.ParentRunner$3.run(ParentRunner.java:238)
	at org.junit.runners.ParentRunner$1.schedule(ParentRunner.java:63)
	at org.junit.runners.ParentRunner.runChildren(ParentRunner.java:236)
	at org.junit.runners.ParentRunner.access$000(ParentRunner.java:53)
	at org.junit.runners.ParentRunner$2.evaluate(ParentRunner.java:229)
	at org.junit.internal.runners.statements.RunBefores.evaluate(RunBefores.java:26)
	at org.junit.internal.runners.statements.RunAfters.evaluate(RunAfters.java:27)
	at org.junit.runners.ParentRunner.run(ParentRunner.java:309)
	at org.apache.maven.surefire.junit4.JUnit4Provider.execute(JUnit4Provider.java:252)
	at org.apache.maven.surefire.junit4.JUnit4Provider.executeTestSet(JUnit4Provider.java:141)
	at org.apache.maven.surefire.junit4.JUnit4Provider.invoke(JUnit4Provider.java:112)
	at sun.reflect.NativeMethodAccessorImpl.invoke0(Native Method)
	at sun.reflect.NativeMethodAccessorImpl.invoke(NativeMethodAccessorImpl.java:62)
	at sun.reflect.DelegatingMethodAccessorImpl.invoke(DelegatingMethodAccessorImpl.java:43)
	at java.lang.reflect.Method.invoke(Method.java:497)
	at org.apache.maven.surefire.util.ReflectionUtils.invokeMethodWithArray(ReflectionUtils.java:189)
	at org.apache.maven.surefire.booter.ProviderFactory$ProviderProxy.invoke(ProviderFactory.java:165)
	at org.apache.maven.surefire.booter.ProviderFactory.invokeProvider(ProviderFactory.java:85)
	at org.apache.maven.surefire.booter.ForkedBooter.runSuitesInProcess(ForkedBooter.java:115)
	at org.apache.maven.surefire.booter.ForkedBooter.main(ForkedBooter.java:75)
</error>
  </testcase>
</testsuite>